[debug] [2026-01-09T07:08:48.047Z] ----------------------------------------------------------------------
[debug] [2026-01-09T07:08:48.049Z] Command:       /usr/local/bin/node /Users/sujan/.npm/_npx/7750544ccf494d8b/node_modules/.bin/firebase deploy --only hosting
[debug] [2026-01-09T07:08:48.049Z] CLI Version:   15.2.1
[debug] [2026-01-09T07:08:48.049Z] Platform:      darwin
[debug] [2026-01-09T07:08:48.050Z] Node Version:  v22.19.0
[debug] [2026-01-09T07:08:48.050Z] Time:          Fri Jan 09 2026 12:38:48 GMT+0530 (India Standard Time)
[debug] [2026-01-09T07:08:48.050Z] ----------------------------------------------------------------------
[debug] 
[debug] [2026-01-09T07:08:48.841Z] > command requires scopes: ["email","openid","https://www.googleapis.com/auth/cloudplatformprojects.readonly","https://www.googleapis.com/auth/firebase","https://www.googleapis.com/auth/cloud-platform"]
[debug] [2026-01-09T07:08:48.841Z] > authorizing via signed-in user (sujitha1366@gmail.com)
[debug] [2026-01-09T07:08:48.841Z] [iam] checking project dca-saas-prod for permissions ["firebase.projects.get","firebasehosting.sites.update"]
[debug] [2026-01-09T07:08:48.842Z] Checked if tokens are valid: false, expires at: 1767943325262
[debug] [2026-01-09T07:08:48.842Z] Checked if tokens are valid: false, expires at: 1767943325262
[debug] [2026-01-09T07:08:48.842Z] > refreshing access token with scopes: []
[debug] [2026-01-09T07:08:48.843Z] >>> [apiv2][query] POST https://www.googleapis.com/oauth2/v3/token [none]
[debug] [2026-01-09T07:08:48.843Z] >>> [apiv2][body] POST https://www.googleapis.com/oauth2/v3/token [omitted]
[debug] [2026-01-09T07:08:49.689Z] <<< [apiv2][status] POST https://www.googleapis.com/oauth2/v3/token 200
[debug] [2026-01-09T07:08:49.690Z] <<< [apiv2][body] POST https://www.googleapis.com/oauth2/v3/token [omitted]
[debug] [2026-01-09T07:08:49.709Z] >>> [apiv2][query] POST https://cloudresourcemanager.googleapis.com/v1/projects/dca-saas-prod:testIamPermissions [none]
[debug] [2026-01-09T07:08:49.709Z] >>> [apiv2][(partial)header] POST https://cloudresourcemanager.googleapis.com/v1/projects/dca-saas-prod:testIamPermissions x-goog-quota-user=projects/dca-saas-prod
[debug] [2026-01-09T07:08:49.709Z] >>> [apiv2][body] POST https://cloudresourcemanager.googleapis.com/v1/projects/dca-saas-prod:testIamPermissions {"permissions":["firebase.projects.get","firebasehosting.sites.update"]}
[debug] [2026-01-09T07:08:51.521Z] <<< [apiv2][status] POST https://cloudresourcemanager.googleapis.com/v1/projects/dca-saas-prod:testIamPermissions 200
[debug] [2026-01-09T07:08:51.521Z] <<< [apiv2][body] POST https://cloudresourcemanager.googleapis.com/v1/projects/dca-saas-prod:testIamPermissions {"permissions":["firebase.projects.get","firebasehosting.sites.update"]}
[debug] [2026-01-09T07:08:51.522Z] Checked if tokens are valid: true, expires at: 1767946128690
[debug] [2026-01-09T07:08:51.522Z] Checked if tokens are valid: true, expires at: 1767946128690
[debug] [2026-01-09T07:08:51.522Z] >>> [apiv2][query] GET https://firebase.googleapis.com/v1beta1/projects/dca-saas-prod [none]
[debug] [2026-01-09T07:08:52.389Z] <<< [apiv2][status] GET https://firebase.googleapis.com/v1beta1/projects/dca-saas-prod 200
[debug] [2026-01-09T07:08:52.390Z] <<< [apiv2][body] GET https://firebase.googleapis.com/v1beta1/projects/dca-saas-prod {"projectId":"dca-saas-prod","projectNumber":"61479876474","displayName":"dca-saas-prod","name":"projects/dca-saas-prod","resources":{"hostingSite":"dca-saas-prod"},"state":"ACTIVE","etag":"1_6cf4d3b6-56b7-426c-a96a-636070e5e2ff"}
[info] 
[info] === Deploying to 'dca-saas-prod'...
[info] 
[info] i  deploying hosting 
[debug] [2026-01-09T07:08:52.395Z] Checked if tokens are valid: true, expires at: 1767946128690
[debug] [2026-01-09T07:08:52.395Z] Checked if tokens are valid: true, expires at: 1767946128690
[debug] [2026-01-09T07:08:52.395Z] >>> [apiv2][query] POST https://firebasehosting.googleapis.com/v1beta1/projects/-/sites/dca-saas-prod/versions [none]
[debug] [2026-01-09T07:08:52.395Z] >>> [apiv2][body] POST https://firebasehosting.googleapis.com/v1beta1/projects/-/sites/dca-saas-prod/versions {"status":"CREATED","labels":{"deployment-tool":"cli-firebase"}}
[debug] [2026-01-09T07:08:54.521Z] <<< [apiv2][status] POST https://firebasehosting.googleapis.com/v1beta1/projects/-/sites/dca-saas-prod/versions 200
[debug] [2026-01-09T07:08:54.521Z] <<< [apiv2][body] POST https://firebasehosting.googleapis.com/v1beta1/projects/-/sites/dca-saas-prod/versions {"name":"projects/61479876474/sites/dca-saas-prod/versions/7d29d677e1c81e54","status":"CREATED","config":{},"labels":{"deployment-tool":"cli-firebase"}}
[info] i  hosting[dca-saas-prod]: beginning deploy... 
[info] i  hosting[dca-saas-prod]: found 3 files in dist 
[debug] [2026-01-09T07:08:54.533Z] [hosting] uploading with 200 concurrency
[debug] [2026-01-09T07:08:54.564Z] Checked if tokens are valid: true, expires at: 1767946128690
[debug] [2026-01-09T07:08:54.564Z] Checked if tokens are valid: true, expires at: 1767946128690
[debug] [2026-01-09T07:08:54.565Z] [hosting] hash cache [ZGlzdA] stored for 3 files
[debug] [2026-01-09T07:08:54.565Z] [hosting][hash queue][FINAL] {"max":29,"min":2,"avg":11.333333333333334,"active":0,"complete":3,"success":3,"errored":0,"retried":0,"total":3,"elapsed":31}
[debug] [2026-01-09T07:08:54.565Z] >>> [apiv2][query] POST https://firebasehosting.googleapis.com/v1beta1/projects/61479876474/sites/dca-saas-prod/versions/7d29d677e1c81e54:populateFiles [none]
[debug] [2026-01-09T07:08:54.565Z] >>> [apiv2][body] POST https://firebasehosting.googleapis.com/v1beta1/projects/61479876474/sites/dca-saas-prod/versions/7d29d677e1c81e54:populateFiles {"files":{"/index.html":"bd583e8be7f0183b449449476757b8f9942e0f7e357015f04c1abd0dc4e09de2","/assets/index-DdstH7NZ.css":"1b9b2b810e6f1e397d236367af8158ce3501fe208198a19dafe23415f85a2a33","/assets/index-iMgYoAxf.js":"3e82b4a354f0b661faa1be91f69701bada7464eaca53a3ec45dcb57815f519bb"}}
